2018-10-10 21:29:41 ERROR AtmDataBaseImpl:38 - Get atm throws exception: java.sql.SQLException: Illegal operation on empty result set.
2018-10-10 21:39:28 ERROR AtmDataBaseImpl:38 - Get atm throws exception: java.sql.SQLException: Illegal operation on empty result set.
2018-10-10 21:39:28 INFO  BankOperations:21 - Account with id: 1 created
2018-10-10 21:39:28 ERROR CardDataBaseImpl:56 - Get card throws exception: java.sql.SQLException: Illegal operation on empty result set.
2018-10-10 21:39:28 ERROR CardDataBaseImpl:35 - Add card throws exception: java.sql.SQLIntegrityConstraintViolationException: Duplicate entry '1' for key 'PRIMARY'
2018-10-10 21:39:28 INFO  BankOperations:32 - Card with id: 1 created
2018-10-10 21:39:28 ERROR AtmDataBaseImpl:38 - Get atm throws exception: java.sql.SQLException: Illegal operation on empty result set.
2018-10-10 21:39:28 INFO  BankOperations:41 - ATM with id: 1 created
2018-10-10 21:41:21 ERROR AtmDataBaseImpl:38 - Get atm throws exception: java.sql.SQLException: Before start of result set
2018-10-10 21:41:21 INFO  AtmOperations:24 - Card inserted
2018-10-10 21:41:22 ERROR CardDataBaseImpl:56 - Get card throws exception: java.sql.SQLException: Before start of result set
2018-10-10 21:42:16 ERROR AtmDataBaseImpl:38 - Get atm throws exception: java.sql.SQLException: Before start of result set
2018-10-10 21:42:16 INFO  AtmOperations:24 - Card inserted
2018-10-10 21:42:16 ERROR CardDataBaseImpl:56 - Get card throws exception: java.sql.SQLException: Before start of result set
2018-10-10 21:42:38 ERROR AtmDataBaseImpl:38 - Get atm throws exception: java.sql.SQLException: Before start of result set
2018-10-10 21:42:38 INFO  AtmOperations:24 - Card inserted
2018-10-10 21:42:38 ERROR CardDataBaseImpl:56 - Get card throws exception: java.sql.SQLException: Before start of result set
2018-10-10 21:45:55 ERROR AtmDataBaseImpl:38 - Get atm throws exception: java.sql.SQLException: Before start of result set
2018-10-10 21:45:55 INFO  AtmOperations:24 - Card inserted
2018-10-10 21:45:55 ERROR CardDataBaseImpl:56 - Get card throws exception: java.sql.SQLException: Before start of result set
2018-10-10 21:48:25 ERROR AtmDataBaseImpl:38 - Get atm throws exception: java.sql.SQLException: Before start of result set
2018-10-10 21:48:25 INFO  AtmOperations:24 - Card inserted
2018-10-10 21:48:25 ERROR CardDataBaseImpl:56 - Get card throws exception: java.sql.SQLException: Before start of result set
2018-10-10 21:49:50 ERROR AtmDataBaseImpl:38 - Get atm throws exception: java.sql.SQLException: Before start of result set
2018-10-10 21:49:50 INFO  AtmOperations:24 - Card inserted
2018-10-10 21:49:50 ERROR CardDataBaseImpl:56 - Get card throws exception: java.sql.SQLException: Before start of result set
2018-10-10 21:51:32 ERROR AtmDataBaseImpl:38 - Get atm throws exception: java.sql.SQLException: Before start of result set
2018-10-10 21:51:32 INFO  AtmOperations:24 - Card inserted
2018-10-10 21:51:32 ERROR CardDataBaseImpl:56 - Get card throws exception: java.sql.SQLException: Before start of result set
2018-10-10 21:52:56 ERROR AtmDataBaseImpl:38 - Get atm throws exception: java.sql.SQLException: Before start of result set
2018-10-10 21:52:56 ERROR CardDataBaseImpl:56 - Get card throws exception: java.sql.SQLException: Before start of result set
2018-10-10 21:56:14 ERROR AtmDataBaseImpl:38 - Get atm throws exception: java.sql.SQLException: Before start of result set
2018-10-10 21:56:14 ERROR CardDataBaseImpl:56 - Get card throws exception: java.sql.SQLException: Before start of result set
2018-10-10 21:57:10 ERROR AtmDataBaseImpl:38 - Get atm throws exception: java.sql.SQLException: Before start of result set
2018-10-10 21:57:10 ERROR CardDataBaseImpl:56 - Get card throws exception: java.sql.SQLException: Before start of result set
2018-10-10 21:59:15 ERROR AtmDataBaseImpl:38 - Get atm throws exception: java.sql.SQLException: Before start of result set
2018-10-10 21:59:15 ERROR CardDataBaseImpl:56 - Get card throws exception: java.sql.SQLException: Before start of result set
2018-10-10 22:55:18 ERROR AtmDataBaseImpl:38 - Get atm throws exception: java.sql.SQLException: Before start of result set
2018-10-10 22:58:47 ERROR AtmDataBaseImpl:38 - Get atm throws exception: java.sql.SQLException: Before start of result set
2018-10-10 22:59:17 ERROR AtmDataBaseImpl:38 - Get atm throws exception: java.sql.SQLException: Before start of result set
2018-10-10 22:59:17 INFO  AtmOperations:24 - Card inserted
2018-10-10 22:59:18 ERROR HistoryDataBaseImpl:57 - Get max number throws exception
2018-10-10 23:03:43 ERROR Atm:17 - Cash can't be <0
2018-10-10 23:03:44 INFO  AtmOperations:24 - Card inserted
2018-10-10 23:03:44 ERROR HistoryDataBaseImpl:57 - Get max number throws exception
2018-10-10 23:04:01 ERROR Atm:17 - Cash can't be <0
2018-10-10 23:04:02 INFO  AtmOperations:24 - Card inserted
2018-10-10 23:04:02 ERROR HistoryDataBaseImpl:57 - Get max number throws exception
2018-10-10 23:04:58 ERROR Atm:17 - Cash can't be <0
2018-10-10 23:04:58 INFO  AtmOperations:24 - Card inserted
2018-10-10 23:04:58 ERROR HistoryDataBaseImpl:59 - Get max number throws exception
2018-10-10 23:16:20 ERROR Atm:17 - Cash can't be <0
2018-10-10 23:16:20 INFO  AtmOperations:24 - Card inserted
2018-10-10 23:19:32 ERROR Atm:17 - Cash can't be <0
2018-10-10 23:19:32 INFO  AtmOperations:24 - Card inserted
2018-10-10 23:22:44 INFO  AtmOperations:24 - Card inserted
2018-10-10 23:23:11 INFO  BankOperations:21 - Account with id: 1 created
2018-10-10 23:23:11 ERROR CardDataBaseImpl:35 - Add card throws exception: java.sql.SQLIntegrityConstraintViolationException: Duplicate entry '1' for key 'PRIMARY'
2018-10-10 23:23:11 INFO  BankOperations:32 - Card with id: 1 created
2018-10-10 23:23:12 INFO  BankOperations:41 - ATM with id: 1 created
2018-10-10 23:23:12 ERROR Atm:17 - Cash can't be <0
2018-10-10 23:23:12 INFO  AtmOperations:24 - Card inserted
2018-10-10 23:24:01 ERROR Atm:17 - Cash can't be <0
2018-10-10 23:24:01 INFO  AtmOperations:24 - Card inserted
2018-10-10 23:28:12 ERROR Atm:17 - Cash can't be <0
2018-10-10 23:28:12 INFO  AtmOperations:24 - Card inserted
2018-10-10 23:28:12 ERROR HistoryDataBaseImpl:43 - Get history throws exception: java.sql.SQLSyntaxErrorException: You have an error in your SQL syntax; check the manual that corresponds to your MySQL server version for the right syntax to use near 'FROM `history` WHERE number=1' at line 1
2018-10-10 23:31:41 ERROR Atm:17 - Cash can't be <0
2018-10-10 23:31:41 INFO  AtmOperations:24 - Card inserted
2018-10-10 23:31:41 ERROR HistoryDataBaseImpl:45 - Get history throws exception: java.sql.SQLSyntaxErrorException: You have an error in your SQL syntax; check the manual that corresponds to your MySQL server version for the right syntax to use near 'FROM `history` WHERE number=2' at line 1
2018-10-10 23:34:58 ERROR Atm:17 - Cash can't be <0
2018-10-10 23:34:58 INFO  AtmOperations:24 - Card inserted
2018-10-10 23:34:59 ERROR HistoryDataBaseImpl:45 - Get history throws exception: java.sql.SQLSyntaxErrorException: You have an error in your SQL syntax; check the manual that corresponds to your MySQL server version for the right syntax to use near 'FROM `history` WHERE number=3' at line 1
2018-10-11 08:00:29 ERROR MySQLConnector:28 - Error in connection: java.sql.SQLNonTransientConnectionException: Public Key Retrieval is not allowed
2018-10-11 08:04:39 ERROR MySQLConnector:28 - Error in connection: java.sql.SQLNonTransientConnectionException: Public Key Retrieval is not allowed
2018-10-11 08:06:02 ERROR MySQLConnector:28 - Error in connection: java.sql.SQLNonTransientConnectionException: Public Key Retrieval is not allowed
2018-10-11 08:07:37 ERROR MySQLConnector:28 - Error in connection: java.sql.SQLNonTransientConnectionException: Public Key Retrieval is not allowed
2018-10-11 08:09:52 INFO  BankOperations:21 - Account with id: 1 created
2018-10-11 08:09:52 ERROR CardDataBaseImpl:35 - Add card throws exception: java.sql.SQLIntegrityConstraintViolationException: Duplicate entry '1' for key 'PRIMARY'
2018-10-11 08:09:52 INFO  BankOperations:32 - Card with id: 1 created
2018-10-11 08:09:53 INFO  BankOperations:41 - ATM with id: 1 created
2018-10-11 08:23:57 INFO  AtmOperations:30 - Card inserted
2018-10-11 08:23:57 INFO  AtmOperations:34 - Card checking result true
2018-10-11 08:24:38 INFO  AtmOperations:30 - Card inserted
2018-10-11 08:24:38 INFO  AtmOperations:34 - Card checking result true
2018-10-11 08:24:38 ERROR AtmOperations:45 - Pin checking result true
2018-10-11 08:25:03 INFO  AtmOperations:30 - Card inserted
2018-10-11 08:25:03 INFO  AtmOperations:34 - Card checking result true
2018-10-11 08:25:03 ERROR AtmOperations:45 - Pin checking result true
2018-10-11 12:40:08 ERROR CardDataBaseImpl:76 - 
2018-10-11 12:42:40 ERROR CardDataBaseImpl:76 - Update card throws exception: java.sql.SQLSyntaxErrorException: You have an error in your SQL syntax; check the manual that corresponds to your MySQL server version for the right syntax to use near '(block, reason) VALUES (1,'BLOCK') WHERE id=1' at line 1
2018-10-11 12:43:36 ERROR CardDataBaseImpl:76 - Update card throws exception: java.sql.SQLIntegrityConstraintViolationException: Column 'block' cannot be null
2018-10-11 17:22:55 INFO  BankOperations:20 - atm.model.History@3c09711b
2018-10-11 17:23:39 ERROR AccountDataBaseImpl:26 - Add account throws exception: java.sql.SQLIntegrityConstraintViolationException: Duplicate entry '1' for key 'PRIMARY'
2018-10-11 17:23:39 INFO  BankOperations:20 - Create account 1, inn 1, deposit100
2018-10-11 17:25:43 INFO  BankOperations:23 - Account already exist
2018-10-14 15:47:51 INFO  BankOperations:44 - Atm already exists
2018-10-14 15:50:10 INFO  BankOperations:44 - Atm already exists
2018-10-14 15:50:51 INFO  BankOperations:44 - Atm already exists
2018-10-14 15:52:06 INFO  BankOperations:42 - Create atm 101, with deposit 100 uah
2018-10-15 07:32:54 INFO  BankOperations:42 - Create atm 1, with deposit 100 uah
